c:\users\roger\source\repos\logo\logo\debug\window.obj
c:\users\roger\source\repos\logo\logo\debug\mainwindow.obj
c:\users\roger\source\repos\logo\logo\debug\moc_mainwindow.obj
c:\users\roger\source\repos\logo\logo\debug\qrc_logo.obj
c:\users\roger\source\repos\logo\logo\debug\moc_glwidget.obj
c:\users\roger\source\repos\logo\logo\debug\logo.obj
c:\users\roger\source\repos\logo\logo\debug\main.obj
c:\users\roger\source\repos\logo\logo\debug\glwidget.obj
c:\users\roger\source\repos\logo\logo\debug\moc_window.obj
c:\users\roger\source\repos\logo\logo\debug\vc141.pdb
c:\users\roger\source\repos\logo\win32\debug\logo.exe
c:\users\roger\source\repos\logo\win32\debug\logo.ilk
c:\users\roger\source\repos\logo\win32\debug\logo.pdb
c:\users\roger\source\repos\logo\logo\generatedfiles\debug\moc_window.cpp
c:\users\roger\source\repos\logo\logo\generatedfiles\debug\moc_mainwindow.cpp
c:\users\roger\source\repos\logo\logo\generatedfiles\debug\moc_glwidget.cpp
c:\users\roger\source\repos\logo\logo\generatedfiles\qrc_logo.cpp
c:\users\roger\source\repos\logo\logo\generatedfiles\ui_logo.h
c:\users\roger\source\repos\logo\logo\debug\logo.tlog\cl.command.1.tlog
c:\users\roger\source\repos\logo\logo\debug\logo.tlog\cl.read.1.tlog
c:\users\roger\source\repos\logo\logo\debug\logo.tlog\cl.write.1.tlog
c:\users\roger\source\repos\logo\logo\debug\logo.tlog\link.command.1.tlog
c:\users\roger\source\repos\logo\logo\debug\logo.tlog\link.read.1.tlog
c:\users\roger\source\repos\logo\logo\debug\logo.tlog\link.write.1.tlog
c:\users\roger\source\repos\logo\logo\debug\logo.tlog\logo.write.1u.tlog
